#! /usr/share/iverilog-0.9.7/bin/vvp
:ivl_version "0.9.7 " "(v0_9_6)";
:vpi_time_precision + 0;
:vpi_module "system";
:vpi_module "v2005_math";
:vpi_module "va_math";
S_0x1f7c400 .scope module, "test" "test" 2 1;
 .timescale 0 0;
v0x1f9f1e0_0 .net "CRC_out", 15 0, v0x1f9eaf0_0; 1 drivers
v0x1f9f2b0_0 .var "clk", 0 0;
v0x1f9f330_0 .var "d", 0 0;
v0x1f9f400_0 .var "data", 31 0;
v0x1f9f480_0 .net "done", 0 0, v0x1f9e520_0; 1 drivers
v0x1f9f550_0 .var "fec_in", 47 0;
v0x1f9f620_0 .net "final_ans", 95 0, L_0x1fa3530; 1 drivers
v0x1f9f6f0_0 .var "start", 0 0;
S_0x1f7bd70 .scope module, "R" "DCS" 2 13, 3 1, S_0x1f7c400;
 .timescale 0 0;
v0x1f9ec50_0 .alias "CRC_out", 15 0, v0x1f9f1e0_0;
v0x1f9ed00_0 .net "clk", 0 0, v0x1f9f2b0_0; 1 drivers
v0x1f9ed80_0 .net "d", 0 0, v0x1f9f330_0; 1 drivers
v0x1f9ee00_0 .alias "done_fec", 0 0, v0x1f9f480_0;
v0x1f9eee0_0 .net "fec_in", 47 0, v0x1f9f550_0; 1 drivers
v0x1f9ef90_0 .net "fec_out", 95 0, v0x1f9e5c0_0; 1 drivers
v0x1f9f010_0 .alias "final_ans", 95 0, v0x1f9f620_0;
v0x1f9f0c0_0 .net "start", 0 0, v0x1f9f6f0_0; 1 drivers
L_0x1fa3990 .part v0x1f9e5c0_0, 88, 8;
L_0x1fa3a30 .part v0x1f9e5c0_0, 80, 8;
L_0x1fa3ad0 .part v0x1f9e5c0_0, 72, 8;
L_0x1fa3c00 .part v0x1f9e5c0_0, 64, 8;
L_0x1fa3ca0 .part v0x1f9e5c0_0, 56, 8;
L_0x1fa3d40 .part v0x1f9e5c0_0, 48, 8;
L_0x1fa3de0 .part v0x1f9e5c0_0, 40, 8;
L_0x1fa3f90 .part v0x1f9e5c0_0, 32, 8;
L_0x1fa4030 .part v0x1f9e5c0_0, 24, 8;
L_0x1fa40d0 .part v0x1f9e5c0_0, 16, 8;
L_0x1fa4170 .part v0x1f9e5c0_0, 8, 8;
L_0x1fa4210 .part v0x1f9e5c0_0, 0, 8;
S_0x1f9e840 .scope module, "C" "CRC" 3 11, 3 19, S_0x1f7bd70;
 .timescale 0 0;
v0x1f9e930_0 .alias "clk", 0 0, v0x1f9ed00_0;
v0x1f9e9d0_0 .var/i "count", 31 0;
v0x1f9ea50_0 .alias "data", 0 0, v0x1f9ed80_0;
v0x1f9eaf0_0 .var "r", 15 0;
v0x1f9eba0_0 .alias "start", 0 0, v0x1f9f0c0_0;
S_0x1f9dde0 .scope module, "F" "FEC" 3 12, 3 57, S_0x1f7bd70;
 .timescale 0 0;
v0x1f9e1d0_0 .var "D", 3 0;
v0x1f9e290_0 .var "P0", 47 0;
v0x1f9e330_0 .var "P1", 47 0;
v0x1f9e3d0_0 .alias "clk", 0 0, v0x1f9ed00_0;
v0x1f9e480_0 .var/i "count", 31 0;
v0x1f9e520_0 .var "done", 0 0;
v0x1f9e5c0_0 .var "fec", 95 0;
v0x1f9e660_0 .var/i "i", 31 0;
v0x1f9e700_0 .alias "q", 47 0, v0x1f9eee0_0;
v0x1f9e7a0_0 .alias "reset", 0 0, v0x1f9f0c0_0;
E_0x1f9b680/0 .event edge, v0x1f9e7a0_0;
E_0x1f9b680/1 .event posedge, v0x1f9e3d0_0;
E_0x1f9b680 .event/or E_0x1f9b680/0, E_0x1f9b680/1;
S_0x1f5fb60 .scope module, "I" "Interleaver" 3 14, 3 97, S_0x1f7bd70;
 .timescale 0 0;
v0x1f610b0_0 .net *"_s1", 1 0, L_0x1f9f7c0; 1 drivers
v0x1f9b4c0_0 .net *"_s101", 1 0, L_0x1fa3270; 1 drivers
v0x1f9b560_0 .net *"_s11", 1 0, L_0x1f9fba0; 1 drivers
v0x1f9b600_0 .net *"_s13", 1 0, L_0x1f9fca0; 1 drivers
v0x1f9b6b0_0 .net *"_s15", 1 0, L_0x1f9fd70; 1 drivers
v0x1f9b750_0 .net *"_s17", 1 0, L_0x1f9fec0; 1 drivers
v0x1f9b830_0 .net *"_s19", 1 0, L_0x1f9ffc0; 1 drivers
v0x1f9b8d0_0 .net *"_s21", 1 0, L_0x1fa0120; 1 drivers
v0x1f9b9c0_0 .net *"_s23", 1 0, L_0x1fa0220; 1 drivers
v0x1f9ba60_0 .net *"_s27", 1 0, L_0x1fa07d0; 1 drivers
v0x1f9bb60_0 .net *"_s29", 1 0, L_0x1fa0940; 1 drivers
v0x1f9bc00_0 .net *"_s3", 1 0, L_0x1f9f860; 1 drivers
v0x1f9bd10_0 .net *"_s31", 1 0, L_0x1fa0a30; 1 drivers
v0x1f9bdb0_0 .net *"_s33", 1 0, L_0x1fa0bb0; 1 drivers
v0x1f9bed0_0 .net *"_s35", 1 0, L_0x1fa0ca0; 1 drivers
v0x1f9bf70_0 .net *"_s37", 1 0, L_0x1fa0e30; 1 drivers
v0x1f9be30_0 .net *"_s39", 1 0, L_0x1fa0ed0; 1 drivers
v0x1f9c0c0_0 .net *"_s41", 1 0, L_0x1fa0d90; 1 drivers
v0x1f9c1e0_0 .net *"_s43", 1 0, L_0x1fa10c0; 1 drivers
v0x1f9c260_0 .net *"_s45", 1 0, L_0x1fa0fc0; 1 drivers
v0x1f9c140_0 .net *"_s47", 1 0, L_0x1fa12c0; 1 drivers
v0x1f9c390_0 .net *"_s49", 1 0, L_0x1fa11b0; 1 drivers
v0x1f9c2e0_0 .net *"_s5", 1 0, L_0x1f9f900; 1 drivers
v0x1f9c4d0_0 .net *"_s53", 1 0, L_0x1fa13b0; 1 drivers
v0x1f9c430_0 .net *"_s55", 1 0, L_0x1fa1a10; 1 drivers
v0x1f9c620_0 .net *"_s57", 1 0, L_0x1fa1930; 1 drivers
v0x1f9c570_0 .net *"_s59", 1 0, L_0x1fa1ba0; 1 drivers
v0x1f9c780_0 .net *"_s61", 1 0, L_0x1fa1ab0; 1 drivers
v0x1f9c6c0_0 .net *"_s63", 1 0, L_0x1fa1d40; 1 drivers
v0x1f9c8f0_0 .net *"_s65", 1 0, L_0x1fa1c40; 1 drivers
v0x1f9c800_0 .net *"_s67", 1 0, L_0x1fa1ef0; 1 drivers
v0x1f9ca70_0 .net *"_s69", 1 0, L_0x1fa1de0; 1 drivers
v0x1f9c970_0 .net *"_s7", 1 0, L_0x1f9f9a0; 1 drivers
v0x1f9cc00_0 .net *"_s71", 1 0, L_0x1fa20b0; 1 drivers
v0x1f9caf0_0 .net *"_s73", 1 0, L_0x1fa1f90; 1 drivers
v0x1f9cda0_0 .net *"_s75", 1 0, L_0x1fa2280; 1 drivers
v0x1f9cc80_0 .net *"_s79", 1 0, L_0x1fa26e0; 1 drivers
v0x1f9cd20_0 .net *"_s81", 1 0, L_0x1fa2320; 1 drivers
v0x1f9cf60_0 .net *"_s83", 1 0, L_0x1fa2960; 1 drivers
v0x1f9cfe0_0 .net *"_s85", 1 0, L_0x1fa2810; 1 drivers
v0x1f9ce20_0 .net *"_s87", 1 0, L_0x1fa2bf0; 1 drivers
v0x1f9cec0_0 .net *"_s89", 1 0, L_0x1fa2a90; 1 drivers
v0x1f9d1c0_0 .net *"_s9", 1 0, L_0x1f9faa0; 1 drivers
v0x1f9d240_0 .net *"_s91", 1 0, L_0x1fa2e90; 1 drivers
v0x1f9d060_0 .net *"_s93", 1 0, L_0x1fa2d20; 1 drivers
v0x1f9d100_0 .net *"_s95", 1 0, L_0x1fa3140; 1 drivers
v0x1f9d440_0 .net *"_s97", 1 0, L_0x1fa2fc0; 1 drivers
v0x1f9d4c0_0 .net *"_s99", 1 0, L_0x1fa3400; 1 drivers
v0x1f9d2e0_0 .net "byte0", 7 0, L_0x1fa3990; 1 drivers
v0x1f9d380_0 .net "byte1", 7 0, L_0x1fa3a30; 1 drivers
v0x1f9d6e0_0 .net "byte10", 7 0, L_0x1fa4170; 1 drivers
v0x1f9d760_0 .net "byte11", 7 0, L_0x1fa4210; 1 drivers
v0x1f9d560_0 .net "byte2", 7 0, L_0x1fa3ad0; 1 drivers
v0x1f9d600_0 .net "byte3", 7 0, L_0x1fa3c00; 1 drivers
v0x1f9d9a0_0 .net "byte4", 7 0, L_0x1fa3ca0; 1 drivers
v0x1f9da20_0 .net "byte5", 7 0, L_0x1fa3d40; 1 drivers
v0x1f9d7e0_0 .net "byte6", 7 0, L_0x1fa3de0; 1 drivers
v0x1f9d880_0 .net "byte7", 7 0, L_0x1fa3f90; 1 drivers
v0x1f9d920_0 .net "byte8", 7 0, L_0x1fa4030; 1 drivers
v0x1f9dca0_0 .net "byte9", 7 0, L_0x1fa40d0; 1 drivers
v0x1f9dac0_0 .alias "final_ans", 95 0, v0x1f9f620_0;
v0x1f9db60_0 .net "out0", 23 0, L_0x1fa0320; 1 drivers
v0x1f9dc00_0 .net "out1", 23 0, L_0x1fa14d0; 1 drivers
v0x1f9df40_0 .net "out2", 23 0, L_0x1fa2150; 1 drivers
v0x1f9dd40_0 .net "out3", 23 0, L_0x1fa36d0; 1 drivers
L_0x1f9f7c0 .part L_0x1fa4210, 0, 2;
L_0x1f9f860 .part L_0x1fa4170, 0, 2;
L_0x1f9f900 .part L_0x1fa40d0, 0, 2;
L_0x1f9f9a0 .part L_0x1fa4030, 0, 2;
L_0x1f9faa0 .part L_0x1fa3f90, 0, 2;
L_0x1f9fba0 .part L_0x1fa3de0, 0, 2;
L_0x1f9fca0 .part L_0x1fa3d40, 0, 2;
L_0x1f9fd70 .part L_0x1fa3ca0, 0, 2;
L_0x1f9fec0 .part L_0x1fa3c00, 0, 2;
L_0x1f9ffc0 .part L_0x1fa3ad0, 0, 2;
L_0x1fa0120 .part L_0x1fa3a30, 0, 2;
L_0x1fa0220 .part L_0x1fa3990, 0, 2;
LS_0x1fa0320_0_0 .concat [ 2 2 2 2], L_0x1fa0220, L_0x1fa0120, L_0x1f9ffc0, L_0x1f9fec0;
LS_0x1fa0320_0_4 .concat [ 2 2 2 2], L_0x1f9fd70, L_0x1f9fca0, L_0x1f9fba0, L_0x1f9faa0;
LS_0x1fa0320_0_8 .concat [ 2 2 2 2], L_0x1f9f9a0, L_0x1f9f900, L_0x1f9f860, L_0x1f9f7c0;
L_0x1fa0320 .concat [ 8 8 8 0], LS_0x1fa0320_0_0, LS_0x1fa0320_0_4, LS_0x1fa0320_0_8;
L_0x1fa07d0 .part L_0x1fa4210, 2, 2;
L_0x1fa0940 .part L_0x1fa4170, 2, 2;
L_0x1fa0a30 .part L_0x1fa40d0, 2, 2;
L_0x1fa0bb0 .part L_0x1fa4030, 2, 2;
L_0x1fa0ca0 .part L_0x1fa3f90, 2, 2;
L_0x1fa0e30 .part L_0x1fa3de0, 2, 2;
L_0x1fa0ed0 .part L_0x1fa3d40, 2, 2;
L_0x1fa0d90 .part L_0x1fa3ca0, 2, 2;
L_0x1fa10c0 .part L_0x1fa3c00, 2, 2;
L_0x1fa0fc0 .part L_0x1fa3ad0, 2, 2;
L_0x1fa12c0 .part L_0x1fa3a30, 2, 2;
L_0x1fa11b0 .part L_0x1fa3990, 2, 2;
LS_0x1fa14d0_0_0 .concat [ 2 2 2 2], L_0x1fa11b0, L_0x1fa12c0, L_0x1fa0fc0, L_0x1fa10c0;
LS_0x1fa14d0_0_4 .concat [ 2 2 2 2], L_0x1fa0d90, L_0x1fa0ed0, L_0x1fa0e30, L_0x1fa0ca0;
LS_0x1fa14d0_0_8 .concat [ 2 2 2 2], L_0x1fa0bb0, L_0x1fa0a30, L_0x1fa0940, L_0x1fa07d0;
L_0x1fa14d0 .concat [ 8 8 8 0], LS_0x1fa14d0_0_0, LS_0x1fa14d0_0_4, LS_0x1fa14d0_0_8;
L_0x1fa13b0 .part L_0x1fa4210, 4, 2;
L_0x1fa1a10 .part L_0x1fa4170, 4, 2;
L_0x1fa1930 .part L_0x1fa40d0, 4, 2;
L_0x1fa1ba0 .part L_0x1fa4030, 4, 2;
L_0x1fa1ab0 .part L_0x1fa3f90, 4, 2;
L_0x1fa1d40 .part L_0x1fa3de0, 4, 2;
L_0x1fa1c40 .part L_0x1fa3d40, 4, 2;
L_0x1fa1ef0 .part L_0x1fa3ca0, 4, 2;
L_0x1fa1de0 .part L_0x1fa3c00, 4, 2;
L_0x1fa20b0 .part L_0x1fa3ad0, 4, 2;
L_0x1fa1f90 .part L_0x1fa3a30, 4, 2;
L_0x1fa2280 .part L_0x1fa3990, 4, 2;
LS_0x1fa2150_0_0 .concat [ 2 2 2 2], L_0x1fa2280, L_0x1fa1f90, L_0x1fa20b0, L_0x1fa1de0;
LS_0x1fa2150_0_4 .concat [ 2 2 2 2], L_0x1fa1ef0, L_0x1fa1c40, L_0x1fa1d40, L_0x1fa1ab0;
LS_0x1fa2150_0_8 .concat [ 2 2 2 2], L_0x1fa1ba0, L_0x1fa1930, L_0x1fa1a10, L_0x1fa13b0;
L_0x1fa2150 .concat [ 8 8 8 0], LS_0x1fa2150_0_0, LS_0x1fa2150_0_4, LS_0x1fa2150_0_8;
L_0x1fa26e0 .part L_0x1fa4210, 6, 2;
L_0x1fa2320 .part L_0x1fa4170, 6, 2;
L_0x1fa2960 .part L_0x1fa40d0, 6, 2;
L_0x1fa2810 .part L_0x1fa4030, 6, 2;
L_0x1fa2bf0 .part L_0x1fa3f90, 6, 2;
L_0x1fa2a90 .part L_0x1fa3de0, 6, 2;
L_0x1fa2e90 .part L_0x1fa3d40, 6, 2;
L_0x1fa2d20 .part L_0x1fa3ca0, 6, 2;
L_0x1fa3140 .part L_0x1fa3c00, 6, 2;
L_0x1fa2fc0 .part L_0x1fa3ad0, 6, 2;
L_0x1fa3400 .part L_0x1fa3a30, 6, 2;
L_0x1fa3270 .part L_0x1fa3990, 6, 2;
LS_0x1fa36d0_0_0 .concat [ 2 2 2 2], L_0x1fa3270, L_0x1fa3400, L_0x1fa2fc0, L_0x1fa3140;
LS_0x1fa36d0_0_4 .concat [ 2 2 2 2], L_0x1fa2d20, L_0x1fa2e90, L_0x1fa2a90, L_0x1fa2bf0;
LS_0x1fa36d0_0_8 .concat [ 2 2 2 2], L_0x1fa2810, L_0x1fa2960, L_0x1fa2320, L_0x1fa26e0;
L_0x1fa36d0 .concat [ 8 8 8 0], LS_0x1fa36d0_0_0, LS_0x1fa36d0_0_4, LS_0x1fa36d0_0_8;
L_0x1fa3530 .concat [ 24 24 24 24], L_0x1fa36d0, L_0x1fa2150, L_0x1fa14d0, L_0x1fa0320;
    .scope S_0x1f9e840;
T_0 ;
    %wait E_0x1f9b680;
    %load/v 8, v0x1f9eba0_0, 1;
    %jmp/0xz  T_0.0, 8;
    %set/v v0x1f9eaf0_0, 1, 16;
    %movi 8, 32, 32;
    %set/v v0x1f9e9d0_0, 8, 32;
    %jmp T_0.1;
T_0.0 ;
    %load/v 8, v0x1f9e9d0_0, 32;
    %cmpi/u 8, 0, 32;
    %inv 4, 1;
    %jmp/0xz  T_0.2, 4;
    %load/v 8, v0x1f9ea50_0, 1;
    %ix/load 1, 15, 0;
    %mov 4, 0, 1;
    %jmp/1 T_0.4, 4;
    %load/x1p 9, v0x1f9eaf0_0, 1;
    %jmp T_0.5;
T_0.4 ;
    %mov 9, 2, 1;
T_0.5 ;
; Save base=9 wid=1 in lookaside.
    %add 8, 9, 1;
    %ix/load 0, 1, 0;
    %ix/load 1, 0, 0;
    %assign/v0/x1 v0x1f9eaf0_0, 0, 8;
    %load/v 8, v0x1f9eaf0_0, 1; Only need 1 of 16 bits
; Save base=8 wid=1 in lookaside.
    %ix/load 0, 1, 0;
    %ix/load 1, 1, 0;
    %assign/v0/x1 v0x1f9eaf0_0, 0, 8;
    %ix/load 1, 1, 0;
    %mov 4, 0, 1;
    %jmp/1 T_0.6, 4;
    %load/x1p 8, v0x1f9eaf0_0, 1;
    %jmp T_0.7;
T_0.6 ;
    %mov 8, 2, 1;
T_0.7 ;
; Save base=8 wid=1 in lookaside.
    %load/v 9, v0x1f9ea50_0, 1;
    %ix/load 1, 15, 0;
    %mov 4, 0, 1;
    %jmp/1 T_0.8, 4;
    %load/x1p 10, v0x1f9eaf0_0, 1;
    %jmp T_0.9;
T_0.8 ;
    %mov 10, 2, 1;
T_0.9 ;
; Save base=10 wid=1 in lookaside.
    %add 9, 10, 1;
    %add 8, 9, 1;
    %ix/load 0, 1, 0;
    %ix/load 1, 2, 0;
    %assign/v0/x1 v0x1f9eaf0_0, 0, 8;
    %ix/load 1, 2, 0;
    %mov 4, 0, 1;
    %jmp/1 T_0.10, 4;
    %load/x1p 8, v0x1f9eaf0_0, 1;
    %jmp T_0.11;
T_0.10 ;
    %mov 8, 2, 1;
T_0.11 ;
; Save base=8 wid=1 in lookaside.
    %ix/load 0, 1, 0;
    %ix/load 1, 3, 0;
    %assign/v0/x1 v0x1f9eaf0_0, 0, 8;
    %ix/load 1, 3, 0;
    %mov 4, 0, 1;
    %jmp/1 T_0.12, 4;
    %load/x1p 8, v0x1f9eaf0_0, 1;
    %jmp T_0.13;
T_0.12 ;
    %mov 8, 2, 1;
T_0.13 ;
; Save base=8 wid=1 in lookaside.
    %ix/load 0, 1, 0;
    %ix/load 1, 4, 0;
    %assign/v0/x1 v0x1f9eaf0_0, 0, 8;
    %ix/load 1, 4, 0;
    %mov 4, 0, 1;
    %jmp/1 T_0.14, 4;
    %load/x1p 8, v0x1f9eaf0_0, 1;
    %jmp T_0.15;
T_0.14 ;
    %mov 8, 2, 1;
T_0.15 ;
; Save base=8 wid=1 in lookaside.
    %ix/load 0, 1, 0;
    %ix/load 1, 5, 0;
    %assign/v0/x1 v0x1f9eaf0_0, 0, 8;
    %ix/load 1, 5, 0;
    %mov 4, 0, 1;
    %jmp/1 T_0.16, 4;
    %load/x1p 8, v0x1f9eaf0_0, 1;
    %jmp T_0.17;
T_0.16 ;
    %mov 8, 2, 1;
T_0.17 ;
; Save base=8 wid=1 in lookaside.
    %ix/load 0, 1, 0;
    %ix/load 1, 6, 0;
    %assign/v0/x1 v0x1f9eaf0_0, 0, 8;
    %ix/load 1, 6, 0;
    %mov 4, 0, 1;
    %jmp/1 T_0.18, 4;
    %load/x1p 8, v0x1f9eaf0_0, 1;
    %jmp T_0.19;
T_0.18 ;
    %mov 8, 2, 1;
T_0.19 ;
; Save base=8 wid=1 in lookaside.
    %ix/load 0, 1, 0;
    %ix/load 1, 7, 0;
    %assign/v0/x1 v0x1f9eaf0_0, 0, 8;
    %ix/load 1, 7, 0;
    %mov 4, 0, 1;
    %jmp/1 T_0.20, 4;
    %load/x1p 8, v0x1f9eaf0_0, 1;
    %jmp T_0.21;
T_0.20 ;
    %mov 8, 2, 1;
T_0.21 ;
; Save base=8 wid=1 in lookaside.
    %ix/load 0, 1, 0;
    %ix/load 1, 8, 0;
    %assign/v0/x1 v0x1f9eaf0_0, 0, 8;
    %ix/load 1, 8, 0;
    %mov 4, 0, 1;
    %jmp/1 T_0.22, 4;
    %load/x1p 8, v0x1f9eaf0_0, 1;
    %jmp T_0.23;
T_0.22 ;
    %mov 8, 2, 1;
T_0.23 ;
; Save base=8 wid=1 in lookaside.
    %ix/load 0, 1, 0;
    %ix/load 1, 9, 0;
    %assign/v0/x1 v0x1f9eaf0_0, 0, 8;
    %ix/load 1, 9, 0;
    %mov 4, 0, 1;
    %jmp/1 T_0.24, 4;
    %load/x1p 8, v0x1f9eaf0_0, 1;
    %jmp T_0.25;
T_0.24 ;
    %mov 8, 2, 1;
T_0.25 ;
; Save base=8 wid=1 in lookaside.
    %ix/load 0, 1, 0;
    %ix/load 1, 10, 0;
    %assign/v0/x1 v0x1f9eaf0_0, 0, 8;
    %ix/load 1, 10, 0;
    %mov 4, 0, 1;
    %jmp/1 T_0.26, 4;
    %load/x1p 8, v0x1f9eaf0_0, 1;
    %jmp T_0.27;
T_0.26 ;
    %mov 8, 2, 1;
T_0.27 ;
; Save base=8 wid=1 in lookaside.
    %ix/load 0, 1, 0;
    %ix/load 1, 11, 0;
    %assign/v0/x1 v0x1f9eaf0_0, 0, 8;
    %ix/load 1, 11, 0;
    %mov 4, 0, 1;
    %jmp/1 T_0.28, 4;
    %load/x1p 8, v0x1f9eaf0_0, 1;
    %jmp T_0.29;
T_0.28 ;
    %mov 8, 2, 1;
T_0.29 ;
; Save base=8 wid=1 in lookaside.
    %ix/load 0, 1, 0;
    %ix/load 1, 12, 0;
    %assign/v0/x1 v0x1f9eaf0_0, 0, 8;
    %ix/load 1, 12, 0;
    %mov 4, 0, 1;
    %jmp/1 T_0.30, 4;
    %load/x1p 8, v0x1f9eaf0_0, 1;
    %jmp T_0.31;
T_0.30 ;
    %mov 8, 2, 1;
T_0.31 ;
; Save base=8 wid=1 in lookaside.
    %ix/load 0, 1, 0;
    %ix/load 1, 13, 0;
    %assign/v0/x1 v0x1f9eaf0_0, 0, 8;
    %ix/load 1, 13, 0;
    %mov 4, 0, 1;
    %jmp/1 T_0.32, 4;
    %load/x1p 8, v0x1f9eaf0_0, 1;
    %jmp T_0.33;
T_0.32 ;
    %mov 8, 2, 1;
T_0.33 ;
; Save base=8 wid=1 in lookaside.
    %ix/load 0, 1, 0;
    %ix/load 1, 14, 0;
    %assign/v0/x1 v0x1f9eaf0_0, 0, 8;
    %ix/load 1, 14, 0;
    %mov 4, 0, 1;
    %jmp/1 T_0.34, 4;
    %load/x1p 8, v0x1f9eaf0_0, 1;
    %jmp T_0.35;
T_0.34 ;
    %mov 8, 2, 1;
T_0.35 ;
; Save base=8 wid=1 in lookaside.
    %load/v 9, v0x1f9ea50_0, 1;
    %ix/load 1, 15, 0;
    %mov 4, 0, 1;
    %jmp/1 T_0.36, 4;
    %load/x1p 10, v0x1f9eaf0_0, 1;
    %jmp T_0.37;
T_0.36 ;
    %mov 10, 2, 1;
T_0.37 ;
; Save base=10 wid=1 in lookaside.
    %add 9, 10, 1;
    %add 8, 9, 1;
    %ix/load 0, 1, 0;
    %ix/load 1, 15, 0;
    %assign/v0/x1 v0x1f9eaf0_0, 0, 8;
    %load/v 8, v0x1f9e9d0_0, 32;
    %mov 40, 39, 1;
    %subi 8, 1, 33;
    %ix/load 0, 32, 0;
    %assign/v0 v0x1f9e9d0_0, 0, 8;
T_0.2 ;
T_0.1 ;
    %jmp T_0;
    .thread T_0;
    .scope S_0x1f9dde0;
T_1 ;
    %wait E_0x1f9b680;
    %load/v 8, v0x1f9e7a0_0, 1;
    %mov 9, 0, 2;
    %cmpi/u 8, 1, 3;
    %jmp/0xz  T_1.0, 4;
    %ix/load 0, 4, 0;
    %assign/v0 v0x1f9e1d0_0, 0, 0;
    %movi 8, 48, 32;
    %set/v v0x1f9e480_0, 8, 32;
    %jmp T_1.1;
T_1.0 ;
    %delay 325, 0;
    %movi 8, 47, 32;
    %set/v v0x1f9e660_0, 8, 32;
T_1.2 ;
    %load/v 8, v0x1f9e660_0, 32;
    %cmp/s 0, 8, 32;
    %or 5, 4, 1;
    %jmp/0xz T_1.3, 5;
    %ix/load 1, 3, 0;
    %mov 4, 0, 1;
    %jmp/1 T_1.4, 4;
    %load/x1p 8, v0x1f9e1d0_0, 1;
    %jmp T_1.5;
T_1.4 ;
    %mov 8, 2, 1;
T_1.5 ;
; Save base=8 wid=1 in lookaside.
    %ix/load 1, 2, 0;
    %mov 4, 0, 1;
    %jmp/1 T_1.6, 4;
    %load/x1p 9, v0x1f9e1d0_0, 1;
    %jmp T_1.7;
T_1.6 ;
    %mov 9, 2, 1;
T_1.7 ;
; Save base=9 wid=1 in lookaside.
    %xor 8, 9, 1;
    %ix/load 1, 1, 0;
    %mov 4, 0, 1;
    %jmp/1 T_1.8, 4;
    %load/x1p 9, v0x1f9e1d0_0, 1;
    %jmp T_1.9;
T_1.8 ;
    %mov 9, 2, 1;
T_1.9 ;
; Save base=9 wid=1 in lookaside.
    %xor 8, 9, 1;
    %load/v 9, v0x1f9e1d0_0, 1; Only need 1 of 4 bits
; Save base=9 wid=1 in lookaside.
    %xor 8, 9, 1;
    %ix/getv/s 0, v0x1f9e480_0;
    %jmp/1 t_0, 4;
    %set/x0 v0x1f9e290_0, 8, 1;
t_0 ;
    %ix/load 1, 3, 0;
    %mov 4, 0, 1;
    %jmp/1 T_1.10, 4;
    %load/x1p 8, v0x1f9e1d0_0, 1;
    %jmp T_1.11;
T_1.10 ;
    %mov 8, 2, 1;
T_1.11 ;
; Save base=8 wid=1 in lookaside.
    %ix/load 1, 1, 0;
    %mov 4, 0, 1;
    %jmp/1 T_1.12, 4;
    %load/x1p 9, v0x1f9e1d0_0, 1;
    %jmp T_1.13;
T_1.12 ;
    %mov 9, 2, 1;
T_1.13 ;
; Save base=9 wid=1 in lookaside.
    %xor 8, 9, 1;
    %load/v 9, v0x1f9e1d0_0, 1; Only need 1 of 4 bits
; Save base=9 wid=1 in lookaside.
    %xor 8, 9, 1;
    %ix/getv/s 0, v0x1f9e480_0;
    %jmp/1 t_1, 4;
    %set/x0 v0x1f9e330_0, 8, 1;
t_1 ;
    %ix/getv/s 1, v0x1f9e480_0;
    %jmp/1 T_1.14, 4;
    %load/x1p 104, v0x1f9e290_0, 1;
    %jmp T_1.15;
T_1.14 ;
    %mov 104, 2, 1;
T_1.15 ;
    %mov 8, 104, 1; Move signal select into place
    %ix/getv/s 1, v0x1f9e480_0;
    %jmp/1 T_1.16, 4;
    %load/x1p 104, v0x1f9e330_0, 1;
    %jmp T_1.17;
T_1.16 ;
    %mov 104, 2, 1;
T_1.17 ;
    %mov 9, 104, 1; Move signal select into place
    %load/v 10, v0x1f9e5c0_0, 94; Select 94 out of 96 bits
    %set/v v0x1f9e5c0_0, 8, 96;
    %ix/load 1, 1, 0;
    %mov 4, 0, 1;
    %jmp/1 T_1.18, 4;
    %load/x1p 12, v0x1f9e1d0_0, 3;
    %jmp T_1.19;
T_1.18 ;
    %mov 12, 2, 3;
T_1.19 ;
    %mov 8, 12, 3; Move signal select into place
    %ix/getv/s 1, v0x1f9e660_0;
    %jmp/1 T_1.20, 4;
    %load/x1p 12, v0x1f9e700_0, 1;
    %jmp T_1.21;
T_1.20 ;
    %mov 12, 2, 1;
T_1.21 ;
    %mov 11, 12, 1; Move signal select into place
    %set/v v0x1f9e1d0_0, 8, 4;
    %load/v 8, v0x1f9e480_0, 32;
    %mov 40, 39, 1;
    %subi 8, 1, 33;
    %set/v v0x1f9e480_0, 8, 32;
    %set/v v0x1f9e520_0, 0, 1;
    %load/v 8, v0x1f9e660_0, 32;
    %subi 8, 1, 32;
    %set/v v0x1f9e660_0, 8, 32;
    %jmp T_1.2;
T_1.3 ;
    %ix/load 1, 2, 0;
    %mov 4, 0, 1;
    %jmp/1 T_1.22, 4;
    %load/x1p 8, v0x1f9e1d0_0, 1;
    %jmp T_1.23;
T_1.22 ;
    %mov 8, 2, 1;
T_1.23 ;
; Save base=8 wid=1 in lookaside.
    %xor 8, 0, 1;
    %ix/load 1, 1, 0;
    %mov 4, 0, 1;
    %jmp/1 T_1.24, 4;
    %load/x1p 9, v0x1f9e1d0_0, 1;
    %jmp T_1.25;
T_1.24 ;
    %mov 9, 2, 1;
T_1.25 ;
; Save base=9 wid=1 in lookaside.
    %xor 8, 9, 1;
    %load/v 9, v0x1f9e1d0_0, 1; Only need 1 of 4 bits
; Save base=9 wid=1 in lookaside.
    %xor 8, 9, 1;
    %ix/load 0, 0, 0;
    %set/x0 v0x1f9e290_0, 8, 1;
    %ix/load 1, 1, 0;
    %mov 4, 0, 1;
    %jmp/1 T_1.26, 4;
    %load/x1p 8, v0x1f9e1d0_0, 1;
    %jmp T_1.27;
T_1.26 ;
    %mov 8, 2, 1;
T_1.27 ;
; Save base=8 wid=1 in lookaside.
    %xor 8, 0, 1;
    %load/v 9, v0x1f9e1d0_0, 1; Only need 1 of 4 bits
; Save base=9 wid=1 in lookaside.
    %xor 8, 9, 1;
    %ix/load 0, 0, 0;
    %set/x0 v0x1f9e330_0, 8, 1;
    %load/v 8, v0x1f9e290_0, 1; Select 1 out of 48 bits
    %load/v 9, v0x1f9e330_0, 1; Select 1 out of 48 bits
    %load/v 10, v0x1f9e5c0_0, 94; Select 94 out of 96 bits
    %set/v v0x1f9e5c0_0, 8, 96;
    %load/v 8, v0x1f9e480_0, 32;
    %mov 40, 39, 1;
    %subi 8, 1, 33;
    %set/v v0x1f9e480_0, 8, 32;
    %set/v v0x1f9e520_0, 1, 1;
T_1.1 ;
    %jmp T_1;
    .thread T_1;
    .scope S_0x1f7c400;
T_2 ;
    %movi 8, 50397699, 32;
    %set/v v0x1f9f400_0, 8, 32;
    %end;
    .thread T_2;
    .scope S_0x1f7c400;
T_3 ;
    %set/v v0x1f9f2b0_0, 0, 1;
    %movi 8, 70, 8;
T_3.0 %cmp/s 0, 8, 8;
    %jmp/0xz T_3.1, 5;
    %add 8, 1, 8;
    %delay 5, 0;
    %load/v 16, v0x1f9f2b0_0, 1;
    %inv 16, 1;
    %set/v v0x1f9f2b0_0, 16, 1;
    %jmp T_3.0;
T_3.1 ;
    %end;
    .thread T_3;
    .scope S_0x1f7c400;
T_4 ;
    %vpi_call 2 24 "$dumpfile", "dump.vcd";
    %vpi_call 2 25 "$dumpvars", 2'sb01, S_0x1f7c400;
    %vpi_call 2 26 "$monitor", $time, " final = %h done = %h", v0x1f9f620_0, v0x1f9f480_0;
    %set/v v0x1f9f6f0_0, 1, 1;
    %set/v v0x1f9f330_0, 0, 1;
    %delay 5, 0;
    %set/v v0x1f9f6f0_0, 0, 1;
    %movi 8, 32, 7;
T_4.0 %cmp/s 0, 8, 7;
    %jmp/0xz T_4.1, 5;
    %add 8, 1, 7;
    %ix/load 1, 31, 0;
    %mov 4, 0, 1;
    %jmp/1 T_4.2, 4;
    %load/x1p 15, v0x1f9f400_0, 1;
    %jmp T_4.3;
T_4.2 ;
    %mov 15, 2, 1;
T_4.3 ;
; Save base=15 wid=1 in lookaside.
    %set/v v0x1f9f330_0, 15, 1;
    %delay 10, 0;
    %load/v 15, v0x1f9f400_0, 32;
    %ix/load 0, 1, 0;
    %mov 4, 0, 1;
    %shiftl/i0  15, 32;
    %set/v v0x1f9f400_0, 15, 32;
    %load/v 15, v0x1f9f1e0_0, 16;
    %movi 63, 50397699, 32;
    %mov 31, 63, 32;
    %set/v v0x1f9f550_0, 15, 48;
    %jmp T_4.0;
T_4.1 ;
    %end;
    .thread T_4;
# The file index is used to find the file name in the following table.
:file_names 4;
    "N/A";
    "<interactive>";
    "testbench.sv";
    "design.sv";
